TN:
SF:src/console-formatter.ts
FN:6,ConsoleFormatter
FN:10,formatAll
FN:14,formatTitle
FN:23,formatTable
FNF:4
FNH:4
FNDA:1,ConsoleFormatter
FNDA:1,formatAll
FNDA:1,formatTitle
FNDA:1,formatTable
DA:1,1
DA:2,1
DA:3,1
DA:4,1
DA:5,1
DA:6,1
DA:7,1
DA:8,1
DA:9,1
DA:10,1
DA:11,1
DA:12,1
DA:13,1
DA:14,1
DA:15,1
DA:16,1
DA:17,1
DA:18,1
DA:19,1
DA:20,1
DA:21,1
DA:22,1
DA:23,1
DA:24,1
DA:25,1
DA:26,1
LF:26
LH:26
BRDA:6,0,0,1
BRDA:10,1,0,1
BRDA:14,2,0,1
BRDA:23,3,0,1
BRDA:24,4,0,10
BRF:5
BRH:5
end_of_record
TN:
SF:src/multiplication-table.ts
FN:6,MultiplicationTable
FN:13,getTable
FN:16,getMultiply
FN:19,getTitle
FN:22,generateCalculation
FNF:5
FNH:4
FNDA:2,MultiplicationTable
FNDA:2,getTable
FNDA:0,getMultiply
FNDA:1,getTitle
FNDA:2,generateCalculation
DA:1,1
DA:2,1
DA:3,1
DA:4,1
DA:5,1
DA:6,1
DA:7,2
DA:8,2
DA:9,2
DA:10,2
DA:11,2
DA:12,2
DA:13,1
DA:14,2
DA:15,2
DA:16,1
DA:17,0
DA:18,0
DA:19,1
DA:20,1
DA:21,1
DA:22,1
DA:23,2
DA:24,20
DA:25,20
DA:26,2
DA:27,1
LF:27
LH:25
BRDA:6,0,0,2
BRDA:13,1,0,2
BRDA:19,2,0,1
BRDA:22,3,0,2
BRDA:23,4,0,20
BRF:5
BRH:5
end_of_record
